[INFO]2021/7/1 下午2:08:11 绑定目录: D:/SyncDir
[INFO]2021/7/1 下午2:08:31 同步（上传）: D:/SyncDir/123.txt
[INFO]2021/7/1 下午2:08:37 同步（上传）: D:/SyncDir/subdir1
[INFO]2021/7/1 下午2:08:52 同步（上传）: D:/SyncDir/subdir1/11.ucf
[INFO]2021/7/1 下午2:08:57 同步（上传）: D:/SyncDir/subdir1/subdir1-1
[INFO]2021/7/1 下午2:09:02 同步（上传）【秒】: D:/SyncDir/subdir1/subdir1-1/11.ucf
[INFO]2021/7/1 下午2:09:07 同步（上传）: D:/SyncDir/subdirrr
[INFO]2021/7/1 下午2:09:22 同步（上传）: D:/SyncDir/zzk.v
[INFO]2021/7/1 下午2:43:29 绑定目录: D:/SyncDir
[INFO]2021/7/1 下午2:43:38 同步（上传）: D:/SyncDir/123.txt
[INFO]2021/7/1 下午2:43:40 同步（上传）: D:/SyncDir/subdir1
[INFO]2021/7/1 下午2:43:46 同步（上传）: D:/SyncDir/subdir1/11.ucf
[INFO]2021/7/1 下午2:43:48 同步（上传）: D:/SyncDir/subdir1/subdir1-1
[INFO]2021/7/1 下午2:43:50 同步（上传）【秒】: D:/SyncDir/subdir1/subdir1-1/11.ucf
[INFO]2021/7/1 下午2:43:52 同步（上传）: D:/SyncDir/subdirrr
[INFO]2021/7/1 下午2:43:59 同步（上传）: D:/SyncDir/zzk.v
[INFO]2021/7/1 下午2:54:42 绑定目录: D:/SyncDir
[INFO]2021/7/1 下午2:54:51 同步（上传）: D:/SyncDir/123.txt
[INFO]2021/7/1 下午2:54:53 同步（上传）: D:/SyncDir/subdir1
[INFO]2021/7/1 下午2:59:29 绑定目录: D:/SyncDir
[INFO]2021/7/1 下午2:59:38 同步（上传）: D:/SyncDir/123.txt
[INFO]2021/7/1 下午2:59:40 同步（上传）: D:/SyncDir/subdir1
[INFO]2021/7/1 下午2:59:46 同步（上传）: D:/SyncDir/subdir1/11.ucf
[INFO]2021/7/1 下午3:02:08 绑定目录: D:/SyncDir
[INFO]2021/7/1 下午3:02:16 同步（上传）: D:/SyncDir/123.txt
[INFO]2021/7/1 下午3:02:18 同步（上传）: D:/SyncDir/subdir1
[INFO]2021/7/1 下午3:02:24 同步（上传）: D:/SyncDir/subdir1/11.ucf
[INFO]2021/7/1 下午3:02:26 同步（上传）: D:/SyncDir/subdir1/subdir1-1
[INFO]2021/7/1 下午3:02:28 同步（上传）【秒】: D:/SyncDir/subdir1/subdir1-1/11.ucf
[INFO]2021/7/1 下午3:02:31 同步（上传）: D:/SyncDir/subdirrr
[INFO]2021/7/1 下午3:02:37 同步（上传）: D:/SyncDir/zzk.v
